<?xml version="1.0" encoding="UTF-8"?>
<testsuite xmlns:xsi="http://www.w3.org/2001/XMLSchema-instance" xsi:noNamespaceSchemaLocation="https://maven.apache.org/surefire/maven-surefire-plugin/xsd/surefire-test-report.xsd" name="TestSuite" time="40.181" tests="10" errors="0" skipped="9" failures="1">
  <properties>
    <property name="java.specification.version" value="14"/>
    <property name="sun.cpu.isalist" value="amd64"/>
    <property name="sun.jnu.encoding" value="Cp1252"/>
    <property name="java.class.path" value="C:\Program Files (x86)\Jenkins\workspace\HT_Selenium_SmokeTest_Job1\target\test-classes;C:\Program Files (x86)\Jenkins\workspace\HT_Selenium_SmokeTest_Job1\target\classes;C:\Users\Siddharth\.m2\repository\org\seleniumhq\selenium\selenium-java\3.5.2\selenium-java-3.5.2.jar;C:\Users\Siddharth\.m2\repository\org\seleniumhq\selenium\selenium-api\3.5.2\selenium-api-3.5.2.jar;C:\Users\Siddharth\.m2\repository\org\seleniumhq\selenium\selenium-chrome-driver\3.5.2\selenium-chrome-driver-3.5.2.jar;C:\Users\Siddharth\.m2\repository\org\seleniumhq\selenium\selenium-edge-driver\3.5.2\selenium-edge-driver-3.5.2.jar;C:\Users\Siddharth\.m2\repository\org\seleniumhq\selenium\selenium-firefox-driver\3.5.2\selenium-firefox-driver-3.5.2.jar;C:\Users\Siddharth\.m2\repository\org\seleniumhq\selenium\selenium-ie-driver\3.5.2\selenium-ie-driver-3.5.2.jar;C:\Users\Siddharth\.m2\repository\org\seleniumhq\selenium\selenium-opera-driver\3.5.2\selenium-opera-driver-3.5.2.jar;C:\Users\Siddharth\.m2\repository\org\seleniumhq\selenium\selenium-remote-driver\3.5.2\selenium-remote-driver-3.5.2.jar;C:\Users\Siddharth\.m2\repository\org\seleniumhq\selenium\selenium-safari-driver\3.5.2\selenium-safari-driver-3.5.2.jar;C:\Users\Siddharth\.m2\repository\org\seleniumhq\selenium\selenium-support\3.5.2\selenium-support-3.5.2.jar;C:\Users\Siddharth\.m2\repository\cglib\cglib-nodep\3.2.4\cglib-nodep-3.2.4.jar;C:\Users\Siddharth\.m2\repository\org\apache\commons\commons-exec\1.3\commons-exec-1.3.jar;C:\Users\Siddharth\.m2\repository\org\apache\commons\commons-lang3\3.5\commons-lang3-3.5.jar;C:\Users\Siddharth\.m2\repository\commons-codec\commons-codec\1.10\commons-codec-1.10.jar;C:\Users\Siddharth\.m2\repository\commons-io\commons-io\2.5\commons-io-2.5.jar;C:\Users\Siddharth\.m2\repository\commons-logging\commons-logging\1.2\commons-logging-1.2.jar;C:\Users\Siddharth\.m2\repository\org\w3c\css\sac\1.3\sac-1.3.jar;C:\Users\Siddharth\.m2\repository\net\sourceforge\cssparser\cssparser\0.9.23\cssparser-0.9.23.jar;C:\Users\Siddharth\.m2\repository\com\google\code\gson\gson\2.8.0\gson-2.8.0.jar;C:\Users\Siddharth\.m2\repository\com\google\guava\guava\23.0\guava-23.0.jar;C:\Users\Siddharth\.m2\repository\com\google\code\findbugs\jsr305\1.3.9\jsr305-1.3.9.jar;C:\Users\Siddharth\.m2\repository\com\google\errorprone\error_prone_annotations\2.0.18\error_prone_annotations-2.0.18.jar;C:\Users\Siddharth\.m2\repository\com\google\j2objc\j2objc-annotations\1.1\j2objc-annotations-1.1.jar;C:\Users\Siddharth\.m2\repository\org\codehaus\mojo\animal-sniffer-annotations\1.14\animal-sniffer-annotations-1.14.jar;C:\Users\Siddharth\.m2\repository\org\hamcrest\hamcrest-core\1.3\hamcrest-core-1.3.jar;C:\Users\Siddharth\.m2\repository\net\sourceforge\htmlunit\htmlunit\2.27\htmlunit-2.27.jar;C:\Users\Siddharth\.m2\repository\net\sourceforge\htmlunit\htmlunit-core-js\2.27\htmlunit-core-js-2.27.jar;C:\Users\Siddharth\.m2\repository\net\sourceforge\htmlunit\neko-htmlunit\2.27\neko-htmlunit-2.27.jar;C:\Users\Siddharth\.m2\repository\org\apache\httpcomponents\httpclient\4.5.3\httpclient-4.5.3.jar;C:\Users\Siddharth\.m2\repository\org\apache\httpcomponents\httpcore\4.4.6\httpcore-4.4.6.jar;C:\Users\Siddharth\.m2\repository\org\apache\httpcomponents\httpmime\4.5.3\httpmime-4.5.3.jar;C:\Users\Siddharth\.m2\repository\org\eclipse\jetty\jetty-client\9.4.5.v20170502\jetty-client-9.4.5.v20170502.jar;C:\Users\Siddharth\.m2\repository\org\eclipse\jetty\jetty-http\9.4.5.v20170502\jetty-http-9.4.5.v20170502.jar;C:\Users\Siddharth\.m2\repository\org\eclipse\jetty\jetty-io\9.4.5.v20170502\jetty-io-9.4.5.v20170502.jar;C:\Users\Siddharth\.m2\repository\org\eclipse\jetty\jetty-util\9.4.5.v20170502\jetty-util-9.4.5.v20170502.jar;C:\Users\Siddharth\.m2\repository\net\java\dev\jna\jna\4.1.0\jna-4.1.0.jar;C:\Users\Siddharth\.m2\repository\net\java\dev\jna\jna-platform\4.1.0\jna-platform-4.1.0.jar;C:\Users\Siddharth\.m2\repository\junit\junit\4.12\junit-4.12.jar;C:\Users\Siddharth\.m2\repository\com\codeborne\phantomjsdriver\1.4.0\phantomjsdriver-1.4.0.jar;C:\Users\Siddharth\.m2\repository\org\seleniumhq\selenium\htmlunit-driver\2.27\htmlunit-driver-2.27.jar;C:\Users\Siddharth\.m2\repository\javax\servlet\javax.servlet-api\3.1.0\javax.servlet-api-3.1.0.jar;C:\Users\Siddharth\.m2\repository\org\eclipse\jetty\websocket\websocket-api\9.4.5.v20170502\websocket-api-9.4.5.v20170502.jar;C:\Users\Siddharth\.m2\repository\org\eclipse\jetty\websocket\websocket-client\9.4.5.v20170502\websocket-client-9.4.5.v20170502.jar;C:\Users\Siddharth\.m2\repository\org\eclipse\jetty\websocket\websocket-common\9.4.5.v20170502\websocket-common-9.4.5.v20170502.jar;C:\Users\Siddharth\.m2\repository\xalan\serializer\2.7.2\serializer-2.7.2.jar;C:\Users\Siddharth\.m2\repository\xalan\xalan\2.7.2\xalan-2.7.2.jar;C:\Users\Siddharth\.m2\repository\xerces\xercesImpl\2.11.0\xercesImpl-2.11.0.jar;C:\Users\Siddharth\.m2\repository\xml-apis\xml-apis\1.4.01\xml-apis-1.4.01.jar;C:\Users\Siddharth\.m2\repository\org\testng\testng\6.14.3\testng-6.14.3.jar;C:\Users\Siddharth\.m2\repository\com\beust\jcommander\1.72\jcommander-1.72.jar;C:\Users\Siddharth\.m2\repository\org\apache-extras\beanshell\bsh\2.0b6\bsh-2.0b6.jar;C:\Users\Siddharth\.m2\repository\org\apache\poi\poi\3.12\poi-3.12.jar;C:\Users\Siddharth\.m2\repository\org\apache\poi\poi-ooxml\3.12\poi-ooxml-3.12.jar;C:\Users\Siddharth\.m2\repository\org\apache\poi\poi-ooxml-schemas\3.12\poi-ooxml-schemas-3.12.jar;C:\Users\Siddharth\.m2\repository\org\apache\xmlbeans\xmlbeans\2.6.0\xmlbeans-2.6.0.jar;C:\Users\Siddharth\.m2\repository\stax\stax-api\1.0.1\stax-api-1.0.1.jar;C:\Users\Siddharth\.m2\repository\com\aventstack\extentreports\3.0.7\extentreports-3.0.7.jar;C:\Users\Siddharth\.m2\repository\org\freemarker\freemarker\2.3.23\freemarker-2.3.23.jar;C:\Users\Siddharth\.m2\repository\org\mongodb\mongodb-driver\3.3.0\mongodb-driver-3.3.0.jar;C:\Users\Siddharth\.m2\repository\org\mongodb\bson\3.3.0\bson-3.3.0.jar;C:\Users\Siddharth\.m2\repository\org\mongodb\mongodb-driver-core\3.3.0\mongodb-driver-core-3.3.0.jar;C:\Users\Siddharth\.m2\repository\org\jsoup\jsoup\1.9.2\jsoup-1.9.2.jar;"/>
    <property name="java.vm.vendor" value="Oracle Corporation"/>
    <property name="sun.arch.data.model" value="64"/>
    <property name="user.variant" value=""/>
    <property name="java.vendor.url" value="https://java.oracle.com/"/>
    <property name="user.timezone" value="Asia/Calcutta"/>
    <property name="os.name" value="Windows 10"/>
    <property name="java.vm.specification.version" value="14"/>
    <property name="sun.java.launcher" value="SUN_STANDARD"/>
    <property name="user.country" value="IN"/>
    <property name="sun.boot.library.path" value="C:\Program Files\Java\jdk-14.0.2\bin"/>
    <property name="sun.java.command" value="C:\Users\Siddharth\AppData\Local\Temp\surefire4941630384984413574\surefirebooter17166127860984000285.jar C:\Users\Siddharth\AppData\Local\Temp\surefire4941630384984413574 2021-02-16T13-03-48_962-jvmRun1 surefire4455907434268202704tmp surefire_08832811181292580304tmp"/>
    <property name="jdk.debug" value="release"/>
    <property name="surefire.test.class.path" value="C:\Program Files (x86)\Jenkins\workspace\HT_Selenium_SmokeTest_Job1\target\test-classes;C:\Program Files (x86)\Jenkins\workspace\HT_Selenium_SmokeTest_Job1\target\classes;C:\Users\Siddharth\.m2\repository\org\seleniumhq\selenium\selenium-java\3.5.2\selenium-java-3.5.2.jar;C:\Users\Siddharth\.m2\repository\org\seleniumhq\selenium\selenium-api\3.5.2\selenium-api-3.5.2.jar;C:\Users\Siddharth\.m2\repository\org\seleniumhq\selenium\selenium-chrome-driver\3.5.2\selenium-chrome-driver-3.5.2.jar;C:\Users\Siddharth\.m2\repository\org\seleniumhq\selenium\selenium-edge-driver\3.5.2\selenium-edge-driver-3.5.2.jar;C:\Users\Siddharth\.m2\repository\org\seleniumhq\selenium\selenium-firefox-driver\3.5.2\selenium-firefox-driver-3.5.2.jar;C:\Users\Siddharth\.m2\repository\org\seleniumhq\selenium\selenium-ie-driver\3.5.2\selenium-ie-driver-3.5.2.jar;C:\Users\Siddharth\.m2\repository\org\seleniumhq\selenium\selenium-opera-driver\3.5.2\selenium-opera-driver-3.5.2.jar;C:\Users\Siddharth\.m2\repository\org\seleniumhq\selenium\selenium-remote-driver\3.5.2\selenium-remote-driver-3.5.2.jar;C:\Users\Siddharth\.m2\repository\org\seleniumhq\selenium\selenium-safari-driver\3.5.2\selenium-safari-driver-3.5.2.jar;C:\Users\Siddharth\.m2\repository\org\seleniumhq\selenium\selenium-support\3.5.2\selenium-support-3.5.2.jar;C:\Users\Siddharth\.m2\repository\cglib\cglib-nodep\3.2.4\cglib-nodep-3.2.4.jar;C:\Users\Siddharth\.m2\repository\org\apache\commons\commons-exec\1.3\commons-exec-1.3.jar;C:\Users\Siddharth\.m2\repository\org\apache\commons\commons-lang3\3.5\commons-lang3-3.5.jar;C:\Users\Siddharth\.m2\repository\commons-codec\commons-codec\1.10\commons-codec-1.10.jar;C:\Users\Siddharth\.m2\repository\commons-io\commons-io\2.5\commons-io-2.5.jar;C:\Users\Siddharth\.m2\repository\commons-logging\commons-logging\1.2\commons-logging-1.2.jar;C:\Users\Siddharth\.m2\repository\org\w3c\css\sac\1.3\sac-1.3.jar;C:\Users\Siddharth\.m2\repository\net\sourceforge\cssparser\cssparser\0.9.23\cssparser-0.9.23.jar;C:\Users\Siddharth\.m2\repository\com\google\code\gson\gson\2.8.0\gson-2.8.0.jar;C:\Users\Siddharth\.m2\repository\com\google\guava\guava\23.0\guava-23.0.jar;C:\Users\Siddharth\.m2\repository\com\google\code\findbugs\jsr305\1.3.9\jsr305-1.3.9.jar;C:\Users\Siddharth\.m2\repository\com\google\errorprone\error_prone_annotations\2.0.18\error_prone_annotations-2.0.18.jar;C:\Users\Siddharth\.m2\repository\com\google\j2objc\j2objc-annotations\1.1\j2objc-annotations-1.1.jar;C:\Users\Siddharth\.m2\repository\org\codehaus\mojo\animal-sniffer-annotations\1.14\animal-sniffer-annotations-1.14.jar;C:\Users\Siddharth\.m2\repository\org\hamcrest\hamcrest-core\1.3\hamcrest-core-1.3.jar;C:\Users\Siddharth\.m2\repository\net\sourceforge\htmlunit\htmlunit\2.27\htmlunit-2.27.jar;C:\Users\Siddharth\.m2\repository\net\sourceforge\htmlunit\htmlunit-core-js\2.27\htmlunit-core-js-2.27.jar;C:\Users\Siddharth\.m2\repository\net\sourceforge\htmlunit\neko-htmlunit\2.27\neko-htmlunit-2.27.jar;C:\Users\Siddharth\.m2\repository\org\apache\httpcomponents\httpclient\4.5.3\httpclient-4.5.3.jar;C:\Users\Siddharth\.m2\repository\org\apache\httpcomponents\httpcore\4.4.6\httpcore-4.4.6.jar;C:\Users\Siddharth\.m2\repository\org\apache\httpcomponents\httpmime\4.5.3\httpmime-4.5.3.jar;C:\Users\Siddharth\.m2\repository\org\eclipse\jetty\jetty-client\9.4.5.v20170502\jetty-client-9.4.5.v20170502.jar;C:\Users\Siddharth\.m2\repository\org\eclipse\jetty\jetty-http\9.4.5.v20170502\jetty-http-9.4.5.v20170502.jar;C:\Users\Siddharth\.m2\repository\org\eclipse\jetty\jetty-io\9.4.5.v20170502\jetty-io-9.4.5.v20170502.jar;C:\Users\Siddharth\.m2\repository\org\eclipse\jetty\jetty-util\9.4.5.v20170502\jetty-util-9.4.5.v20170502.jar;C:\Users\Siddharth\.m2\repository\net\java\dev\jna\jna\4.1.0\jna-4.1.0.jar;C:\Users\Siddharth\.m2\repository\net\java\dev\jna\jna-platform\4.1.0\jna-platform-4.1.0.jar;C:\Users\Siddharth\.m2\repository\junit\junit\4.12\junit-4.12.jar;C:\Users\Siddharth\.m2\repository\com\codeborne\phantomjsdriver\1.4.0\phantomjsdriver-1.4.0.jar;C:\Users\Siddharth\.m2\repository\org\seleniumhq\selenium\htmlunit-driver\2.27\htmlunit-driver-2.27.jar;C:\Users\Siddharth\.m2\repository\javax\servlet\javax.servlet-api\3.1.0\javax.servlet-api-3.1.0.jar;C:\Users\Siddharth\.m2\repository\org\eclipse\jetty\websocket\websocket-api\9.4.5.v20170502\websocket-api-9.4.5.v20170502.jar;C:\Users\Siddharth\.m2\repository\org\eclipse\jetty\websocket\websocket-client\9.4.5.v20170502\websocket-client-9.4.5.v20170502.jar;C:\Users\Siddharth\.m2\repository\org\eclipse\jetty\websocket\websocket-common\9.4.5.v20170502\websocket-common-9.4.5.v20170502.jar;C:\Users\Siddharth\.m2\repository\xalan\serializer\2.7.2\serializer-2.7.2.jar;C:\Users\Siddharth\.m2\repository\xalan\xalan\2.7.2\xalan-2.7.2.jar;C:\Users\Siddharth\.m2\repository\xerces\xercesImpl\2.11.0\xercesImpl-2.11.0.jar;C:\Users\Siddharth\.m2\repository\xml-apis\xml-apis\1.4.01\xml-apis-1.4.01.jar;C:\Users\Siddharth\.m2\repository\org\testng\testng\6.14.3\testng-6.14.3.jar;C:\Users\Siddharth\.m2\repository\com\beust\jcommander\1.72\jcommander-1.72.jar;C:\Users\Siddharth\.m2\repository\org\apache-extras\beanshell\bsh\2.0b6\bsh-2.0b6.jar;C:\Users\Siddharth\.m2\repository\org\apache\poi\poi\3.12\poi-3.12.jar;C:\Users\Siddharth\.m2\repository\org\apache\poi\poi-ooxml\3.12\poi-ooxml-3.12.jar;C:\Users\Siddharth\.m2\repository\org\apache\poi\poi-ooxml-schemas\3.12\poi-ooxml-schemas-3.12.jar;C:\Users\Siddharth\.m2\repository\org\apache\xmlbeans\xmlbeans\2.6.0\xmlbeans-2.6.0.jar;C:\Users\Siddharth\.m2\repository\stax\stax-api\1.0.1\stax-api-1.0.1.jar;C:\Users\Siddharth\.m2\repository\com\aventstack\extentreports\3.0.7\extentreports-3.0.7.jar;C:\Users\Siddharth\.m2\repository\org\freemarker\freemarker\2.3.23\freemarker-2.3.23.jar;C:\Users\Siddharth\.m2\repository\org\mongodb\mongodb-driver\3.3.0\mongodb-driver-3.3.0.jar;C:\Users\Siddharth\.m2\repository\org\mongodb\bson\3.3.0\bson-3.3.0.jar;C:\Users\Siddharth\.m2\repository\org\mongodb\mongodb-driver-core\3.3.0\mongodb-driver-core-3.3.0.jar;C:\Users\Siddharth\.m2\repository\org\jsoup\jsoup\1.9.2\jsoup-1.9.2.jar;"/>
    <property name="sun.cpu.endian" value="little"/>
    <property name="user.home" value="C:\Users\Siddharth"/>
    <property name="user.language" value="en"/>
    <property name="java.specification.vendor" value="Oracle Corporation"/>
    <property name="java.version.date" value="2020-07-14"/>
    <property name="java.home" value="C:\Program Files\Java\jdk-14.0.2"/>
    <property name="file.separator" value="\"/>
    <property name="basedir" value="C:\Program Files (x86)\Jenkins\workspace\HT_Selenium_SmokeTest_Job1"/>
    <property name="java.vm.compressedOopsMode" value="Zero based"/>
    <property name="line.separator" value="&#10;"/>
    <property name="java.vm.specification.vendor" value="Oracle Corporation"/>
    <property name="java.specification.name" value="Java Platform API Specification"/>
    <property name="surefire.real.class.path" value="C:\Users\Siddharth\AppData\Local\Temp\surefire4941630384984413574\surefirebooter17166127860984000285.jar"/>
    <property name="user.script" value=""/>
    <property name="sun.management.compiler" value="HotSpot 64-Bit Tiered Compilers"/>
    <property name="java.runtime.version" value="14.0.2+12-46"/>
    <property name="user.name" value="Siddharth"/>
    <property name="path.separator" value=";"/>
    <property name="os.version" value="10.0"/>
    <property name="java.runtime.name" value="Java(TM) SE Runtime Environment"/>
    <property name="file.encoding" value="Cp1252"/>
    <property name="java.vm.name" value="Java HotSpot(TM) 64-Bit Server VM"/>
    <property name="localRepository" value="C:\Users\Siddharth\.m2\repository"/>
    <property name="java.vendor.url.bug" value="https://bugreport.java.com/bugreport/"/>
    <property name="java.io.tmpdir" value="C:\Users\Siddharth\AppData\Local\Temp\"/>
    <property name="java.version" value="14.0.2"/>
    <property name="user.dir" value="C:\Program Files (x86)\Jenkins\workspace\HT_Selenium_SmokeTest_Job1"/>
    <property name="os.arch" value="amd64"/>
    <property name="java.vm.specification.name" value="Java Virtual Machine Specification"/>
    <property name="sun.os.patch.level" value=""/>
    <property name="java.library.path" value="C:\Program Files\Java\jdk-14.0.2\bin;C:\WINDOWS\Sun\Java\bin;C:\WINDOWS\system32;C:\WINDOWS;C:\apache-maven-3.6.3/bin;C:\Program Files\Java\jdk-14.0.2/bin;C:\Program Files\Java\jdk-14.0.2/bin;C:\WINDOWS\system32;C:\WINDOWS;C:\WINDOWS\System32\Wbem;C:\WINDOWS\System32\WindowsPowerShell\v1.0\;C:\WINDOWS\System32\OpenSSH\;C:\Program Files\Java\jdk-14.0.2\bin;C:\Users\Siddharth\AppData\Local\Android\Sdk;C:\Program Files\nodejs\;C:\Users\Siddharth\AppData\Local\Android\Sdk\build-tools;C:\Users\Siddharth\AppData\Local\Android\Sdk\platform-tools;C:\Users\Siddharth\AppData\Local\Android\Sdk\tools;C:\Users\Siddharth\AppData\Local\Android\Sdk\emulator;C:\Users\Siddharth\AppData\Local\Android\Sdk\tools\bin;C:\Program Files\Git\cmd;C:\Users\Siddharth\AppData\Roaming\npm;C:\apache-ant-1.9.13\bin;D:\Siddharth\Misc\Selenium\Workspace\SeleniumProject2;D:\Siddharth\Misc\Selenium\Workspace\SeleniumProject1;C:\Program Files\Microsoft SQL Server\Client SDK\ODBC\170\Tools\Binn\;C:\Program Files (x86)\Microsoft SQL Server\150\Tools\Binn\;C:\Program Files\Microsoft SQL Server\150\Tools\Binn\;C:\Program Files\Microsoft SQL Server\150\DTS\Binn\;C:\Program Files (x86)\Microsoft SQL Server\150\DTS\Binn\;C:\Program Files (x86)\Intel\Intel(R) Management Engine Components\DAL;C:\Program Files\Intel\Intel(R) Management Engine Components\DAL;C:\Users\Siddharth\AppData\Local\Microsoft\WindowsApps;C:\Users\Siddharth\AppData\Roaming\npm;C:\Program Files (x86)\Appium\resources\app\node_modules\appium\build\lib;C:\Users\Siddharth\AppData\Local\GitHubDesktop\bin;C:\Users\Siddharth\AppData\Local\Microsoft\WindowsApps;C:\Users\Siddharth\AppData\Local\Programs\Fiddler;;C:\Program Files\JetBrains\IntelliJ IDEA Community Edition 2020.3.2\bin;;."/>
    <property name="java.vm.info" value="mixed mode, sharing"/>
    <property name="java.vendor" value="Oracle Corporation"/>
    <property name="java.vm.version" value="14.0.2+12-46"/>
    <property name="sun.io.unicode.encoding" value="UnicodeLittle"/>
    <property name="java.class.version" value="58.0"/>
  </properties>
  <testcase name="setup" classname="com.InternalProject.qa.test.MainTest" time="2.767">
    <failure message="session not created: This version of ChromeDriver only supports Chrome version 84&#10;Build info: version: &apos;3.5.2&apos;, revision: &apos;10229a9&apos;, time: &apos;2017-08-21T17:29:55.15Z&apos;&#10;System info: host: &apos;DELL-3490-SIDDH&apos;, ip: &apos;192.168.1.6&apos;, os.name: &apos;Windows 10&apos;, os.arch: &apos;amd64&apos;, os.version: &apos;10.0&apos;, java.version: &apos;14.0.2&apos;&#10;Driver info: driver.version: ChromeDriver&#10;remote stacktrace: Backtrace:&#10;	Ordinal0 [0x003B87E3+2852835]&#10;	Ordinal0 [0x002A5BB1+1727409]&#10;	Ordinal0 [0x0017E4B9+517305]&#10;	Ordinal0 [0x00110BA0+68512]&#10;	Ordinal0 [0x0010D3A0+54176]&#10;	Ordinal0 [0x0012D9F7+186871]&#10;	Ordinal0 [0x0012D7FD+186365]&#10;	Ordinal0 [0x0012B70B+177931]&#10;	Ordinal0 [0x00112584+75140]&#10;	Ordinal0 [0x00113650+79440]&#10;	Ordinal0 [0x001135E9+79337]&#10;	Ordinal0 [0x002BAD5C+1813852]&#10;	GetHandleVerifier [0x004DC616+1075574]&#10;	GetHandleVerifier [0x004DC367+1074887]&#10;	GetHandleVerifier [0x004E7497+1120247]&#10;	GetHandleVerifier [0x004DCC16+1077110]&#10;	Ordinal0 [0x002B3206+1782278]&#10;	Ordinal0 [0x002BC3BB+1819579]&#10;	Ordinal0 [0x002BC523+1819939]&#10;	Ordinal0 [0x002D2B45+1911621]&#10;	BaseThreadInitThunk [0x75786359+25]&#10;	RtlGetAppContainerNamedObjectPath [0x772B8944+228]&#10;	RtlGetAppContainerNamedObjectPath [0x772B8914+180]&#10;" type="org.openqa.selenium.SessionNotCreatedException">org.openqa.selenium.SessionNotCreatedException: 
session not created: This version of ChromeDriver only supports Chrome version 84
Build info: version: '3.5.2', revision: '10229a9', time: '2017-08-21T17:29:55.15Z'
System info: host: 'DELL-3490-SIDDH', ip: '192.168.1.6', os.name: 'Windows 10', os.arch: 'amd64', os.version: '10.0', java.version: '14.0.2'
Driver info: driver.version: ChromeDriver
remote stacktrace: Backtrace:
	Ordinal0 [0x003B87E3+2852835]
	Ordinal0 [0x002A5BB1+1727409]
	Ordinal0 [0x0017E4B9+517305]
	Ordinal0 [0x00110BA0+68512]
	Ordinal0 [0x0010D3A0+54176]
	Ordinal0 [0x0012D9F7+186871]
	Ordinal0 [0x0012D7FD+186365]
	Ordinal0 [0x0012B70B+177931]
	Ordinal0 [0x00112584+75140]
	Ordinal0 [0x00113650+79440]
	Ordinal0 [0x001135E9+79337]
	Ordinal0 [0x002BAD5C+1813852]
	GetHandleVerifier [0x004DC616+1075574]
	GetHandleVerifier [0x004DC367+1074887]
	GetHandleVerifier [0x004E7497+1120247]
	GetHandleVerifier [0x004DCC16+1077110]
	Ordinal0 [0x002B3206+1782278]
	Ordinal0 [0x002BC3BB+1819579]
	Ordinal0 [0x002BC523+1819939]
	Ordinal0 [0x002D2B45+1911621]
	BaseThreadInitThunk [0x75786359+25]
	RtlGetAppContainerNamedObjectPath [0x772B8944+228]
	RtlGetAppContainerNamedObjectPath [0x772B8914+180]

	at com.InternalProject.qa.test.MainTest.setup(MainTest.java:93)
</failure>
    <system-out><![CDATA[[TestNGContentHandler] [WARN] It is strongly recommended to add "<!DOCTYPE suite SYSTEM "http://testng.org/testng-1.0.dtd" >" at the top of your file, otherwise TestNG may fail or not work as expected.
]]></system-out>
    <system-err><![CDATA[Starting ChromeDriver 84.0.4147.30 (48b3e868b4cc0aa7e8149519690b6f6949e110a8-refs/branch-heads/4147@{#310}) on port 17118
Only local connections are allowed.
Please see https://chromedriver.chromium.org/security-considerations for suggestions on keeping ChromeDriver safe.
ChromeDriver was started successfully.
]]></system-err>
  </testcase>
  <testcase name="LogoImageTest" classname="com.InternalProject.qa.test.MainTest" time="0">
    <skipped message="session not created: This version of ChromeDriver only supports Chrome version 84&#10;Build info: version: &apos;3.5.2&apos;, revision: &apos;10229a9&apos;, time: &apos;2017-08-21T17:29:55.15Z&apos;&#10;System info: host: &apos;DELL-3490-SIDDH&apos;, ip: &apos;192.168.1.6&apos;, os.name: &apos;Windows 10&apos;, os.arch: &apos;amd64&apos;, os.version: &apos;10.0&apos;, java.version: &apos;14.0.2&apos;&#10;Driver info: driver.version: ChromeDriver&#10;remote stacktrace: Backtrace:&#10;	Ordinal0 [0x003B87E3+2852835]&#10;	Ordinal0 [0x002A5BB1+1727409]&#10;	Ordinal0 [0x0017E4B9+517305]&#10;	Ordinal0 [0x00110BA0+68512]&#10;	Ordinal0 [0x0010D3A0+54176]&#10;	Ordinal0 [0x0012D9F7+186871]&#10;	Ordinal0 [0x0012D7FD+186365]&#10;	Ordinal0 [0x0012B70B+177931]&#10;	Ordinal0 [0x00112584+75140]&#10;	Ordinal0 [0x00113650+79440]&#10;	Ordinal0 [0x001135E9+79337]&#10;	Ordinal0 [0x002BAD5C+1813852]&#10;	GetHandleVerifier [0x004DC616+1075574]&#10;	GetHandleVerifier [0x004DC367+1074887]&#10;	GetHandleVerifier [0x004E7497+1120247]&#10;	GetHandleVerifier [0x004DCC16+1077110]&#10;	Ordinal0 [0x002B3206+1782278]&#10;	Ordinal0 [0x002BC3BB+1819579]&#10;	Ordinal0 [0x002BC523+1819939]&#10;	Ordinal0 [0x002D2B45+1911621]&#10;	BaseThreadInitThunk [0x75786359+25]&#10;	RtlGetAppContainerNamedObjectPath [0x772B8944+228]&#10;	RtlGetAppContainerNamedObjectPath [0x772B8914+180]&#10;"/>
  </testcase>
  <testcase name="signIn1" classname="com.InternalProject.qa.test.MainTest" time="0">
    <skipped message="session not created: This version of ChromeDriver only supports Chrome version 84&#10;Build info: version: &apos;3.5.2&apos;, revision: &apos;10229a9&apos;, time: &apos;2017-08-21T17:29:55.15Z&apos;&#10;System info: host: &apos;DELL-3490-SIDDH&apos;, ip: &apos;192.168.1.6&apos;, os.name: &apos;Windows 10&apos;, os.arch: &apos;amd64&apos;, os.version: &apos;10.0&apos;, java.version: &apos;14.0.2&apos;&#10;Driver info: driver.version: ChromeDriver&#10;remote stacktrace: Backtrace:&#10;	Ordinal0 [0x003B87E3+2852835]&#10;	Ordinal0 [0x002A5BB1+1727409]&#10;	Ordinal0 [0x0017E4B9+517305]&#10;	Ordinal0 [0x00110BA0+68512]&#10;	Ordinal0 [0x0010D3A0+54176]&#10;	Ordinal0 [0x0012D9F7+186871]&#10;	Ordinal0 [0x0012D7FD+186365]&#10;	Ordinal0 [0x0012B70B+177931]&#10;	Ordinal0 [0x00112584+75140]&#10;	Ordinal0 [0x00113650+79440]&#10;	Ordinal0 [0x001135E9+79337]&#10;	Ordinal0 [0x002BAD5C+1813852]&#10;	GetHandleVerifier [0x004DC616+1075574]&#10;	GetHandleVerifier [0x004DC367+1074887]&#10;	GetHandleVerifier [0x004E7497+1120247]&#10;	GetHandleVerifier [0x004DCC16+1077110]&#10;	Ordinal0 [0x002B3206+1782278]&#10;	Ordinal0 [0x002BC3BB+1819579]&#10;	Ordinal0 [0x002BC523+1819939]&#10;	Ordinal0 [0x002D2B45+1911621]&#10;	BaseThreadInitThunk [0x75786359+25]&#10;	RtlGetAppContainerNamedObjectPath [0x772B8944+228]&#10;	RtlGetAppContainerNamedObjectPath [0x772B8914+180]&#10;"/>
  </testcase>
  <testcase name="loginWithOTP" classname="com.InternalProject.qa.test.MainTest" time="0">
    <skipped message="session not created: This version of ChromeDriver only supports Chrome version 84&#10;Build info: version: &apos;3.5.2&apos;, revision: &apos;10229a9&apos;, time: &apos;2017-08-21T17:29:55.15Z&apos;&#10;System info: host: &apos;DELL-3490-SIDDH&apos;, ip: &apos;192.168.1.6&apos;, os.name: &apos;Windows 10&apos;, os.arch: &apos;amd64&apos;, os.version: &apos;10.0&apos;, java.version: &apos;14.0.2&apos;&#10;Driver info: driver.version: ChromeDriver&#10;remote stacktrace: Backtrace:&#10;	Ordinal0 [0x003B87E3+2852835]&#10;	Ordinal0 [0x002A5BB1+1727409]&#10;	Ordinal0 [0x0017E4B9+517305]&#10;	Ordinal0 [0x00110BA0+68512]&#10;	Ordinal0 [0x0010D3A0+54176]&#10;	Ordinal0 [0x0012D9F7+186871]&#10;	Ordinal0 [0x0012D7FD+186365]&#10;	Ordinal0 [0x0012B70B+177931]&#10;	Ordinal0 [0x00112584+75140]&#10;	Ordinal0 [0x00113650+79440]&#10;	Ordinal0 [0x001135E9+79337]&#10;	Ordinal0 [0x002BAD5C+1813852]&#10;	GetHandleVerifier [0x004DC616+1075574]&#10;	GetHandleVerifier [0x004DC367+1074887]&#10;	GetHandleVerifier [0x004E7497+1120247]&#10;	GetHandleVerifier [0x004DCC16+1077110]&#10;	Ordinal0 [0x002B3206+1782278]&#10;	Ordinal0 [0x002BC3BB+1819579]&#10;	Ordinal0 [0x002BC523+1819939]&#10;	Ordinal0 [0x002D2B45+1911621]&#10;	BaseThreadInitThunk [0x75786359+25]&#10;	RtlGetAppContainerNamedObjectPath [0x772B8944+228]&#10;	RtlGetAppContainerNamedObjectPath [0x772B8914+180]&#10;"/>
  </testcase>
  <testcase name="HelloLinkTest1" classname="com.InternalProject.qa.test.MainTest" time="0">
    <skipped message="session not created: This version of ChromeDriver only supports Chrome version 84&#10;Build info: version: &apos;3.5.2&apos;, revision: &apos;10229a9&apos;, time: &apos;2017-08-21T17:29:55.15Z&apos;&#10;System info: host: &apos;DELL-3490-SIDDH&apos;, ip: &apos;192.168.1.6&apos;, os.name: &apos;Windows 10&apos;, os.arch: &apos;amd64&apos;, os.version: &apos;10.0&apos;, java.version: &apos;14.0.2&apos;&#10;Driver info: driver.version: ChromeDriver&#10;remote stacktrace: Backtrace:&#10;	Ordinal0 [0x003B87E3+2852835]&#10;	Ordinal0 [0x002A5BB1+1727409]&#10;	Ordinal0 [0x0017E4B9+517305]&#10;	Ordinal0 [0x00110BA0+68512]&#10;	Ordinal0 [0x0010D3A0+54176]&#10;	Ordinal0 [0x0012D9F7+186871]&#10;	Ordinal0 [0x0012D7FD+186365]&#10;	Ordinal0 [0x0012B70B+177931]&#10;	Ordinal0 [0x00112584+75140]&#10;	Ordinal0 [0x00113650+79440]&#10;	Ordinal0 [0x001135E9+79337]&#10;	Ordinal0 [0x002BAD5C+1813852]&#10;	GetHandleVerifier [0x004DC616+1075574]&#10;	GetHandleVerifier [0x004DC367+1074887]&#10;	GetHandleVerifier [0x004E7497+1120247]&#10;	GetHandleVerifier [0x004DCC16+1077110]&#10;	Ordinal0 [0x002B3206+1782278]&#10;	Ordinal0 [0x002BC3BB+1819579]&#10;	Ordinal0 [0x002BC523+1819939]&#10;	Ordinal0 [0x002D2B45+1911621]&#10;	BaseThreadInitThunk [0x75786359+25]&#10;	RtlGetAppContainerNamedObjectPath [0x772B8944+228]&#10;	RtlGetAppContainerNamedObjectPath [0x772B8914+180]&#10;"/>
  </testcase>
  <testcase name="createBookmark" classname="com.InternalProject.qa.test.MainTest" time="0">
    <skipped message="session not created: This version of ChromeDriver only supports Chrome version 84&#10;Build info: version: &apos;3.5.2&apos;, revision: &apos;10229a9&apos;, time: &apos;2017-08-21T17:29:55.15Z&apos;&#10;System info: host: &apos;DELL-3490-SIDDH&apos;, ip: &apos;192.168.1.6&apos;, os.name: &apos;Windows 10&apos;, os.arch: &apos;amd64&apos;, os.version: &apos;10.0&apos;, java.version: &apos;14.0.2&apos;&#10;Driver info: driver.version: ChromeDriver&#10;remote stacktrace: Backtrace:&#10;	Ordinal0 [0x003B87E3+2852835]&#10;	Ordinal0 [0x002A5BB1+1727409]&#10;	Ordinal0 [0x0017E4B9+517305]&#10;	Ordinal0 [0x00110BA0+68512]&#10;	Ordinal0 [0x0010D3A0+54176]&#10;	Ordinal0 [0x0012D9F7+186871]&#10;	Ordinal0 [0x0012D7FD+186365]&#10;	Ordinal0 [0x0012B70B+177931]&#10;	Ordinal0 [0x00112584+75140]&#10;	Ordinal0 [0x00113650+79440]&#10;	Ordinal0 [0x001135E9+79337]&#10;	Ordinal0 [0x002BAD5C+1813852]&#10;	GetHandleVerifier [0x004DC616+1075574]&#10;	GetHandleVerifier [0x004DC367+1074887]&#10;	GetHandleVerifier [0x004E7497+1120247]&#10;	GetHandleVerifier [0x004DCC16+1077110]&#10;	Ordinal0 [0x002B3206+1782278]&#10;	Ordinal0 [0x002BC3BB+1819579]&#10;	Ordinal0 [0x002BC523+1819939]&#10;	Ordinal0 [0x002D2B45+1911621]&#10;	BaseThreadInitThunk [0x75786359+25]&#10;	RtlGetAppContainerNamedObjectPath [0x772B8944+228]&#10;	RtlGetAppContainerNamedObjectPath [0x772B8914+180]&#10;"/>
  </testcase>
  <testcase name="openBookmark" classname="com.InternalProject.qa.test.MainTest" time="0">
    <skipped message="session not created: This version of ChromeDriver only supports Chrome version 84&#10;Build info: version: &apos;3.5.2&apos;, revision: &apos;10229a9&apos;, time: &apos;2017-08-21T17:29:55.15Z&apos;&#10;System info: host: &apos;DELL-3490-SIDDH&apos;, ip: &apos;192.168.1.6&apos;, os.name: &apos;Windows 10&apos;, os.arch: &apos;amd64&apos;, os.version: &apos;10.0&apos;, java.version: &apos;14.0.2&apos;&#10;Driver info: driver.version: ChromeDriver&#10;remote stacktrace: Backtrace:&#10;	Ordinal0 [0x003B87E3+2852835]&#10;	Ordinal0 [0x002A5BB1+1727409]&#10;	Ordinal0 [0x0017E4B9+517305]&#10;	Ordinal0 [0x00110BA0+68512]&#10;	Ordinal0 [0x0010D3A0+54176]&#10;	Ordinal0 [0x0012D9F7+186871]&#10;	Ordinal0 [0x0012D7FD+186365]&#10;	Ordinal0 [0x0012B70B+177931]&#10;	Ordinal0 [0x00112584+75140]&#10;	Ordinal0 [0x00113650+79440]&#10;	Ordinal0 [0x001135E9+79337]&#10;	Ordinal0 [0x002BAD5C+1813852]&#10;	GetHandleVerifier [0x004DC616+1075574]&#10;	GetHandleVerifier [0x004DC367+1074887]&#10;	GetHandleVerifier [0x004E7497+1120247]&#10;	GetHandleVerifier [0x004DCC16+1077110]&#10;	Ordinal0 [0x002B3206+1782278]&#10;	Ordinal0 [0x002BC3BB+1819579]&#10;	Ordinal0 [0x002BC523+1819939]&#10;	Ordinal0 [0x002D2B45+1911621]&#10;	BaseThreadInitThunk [0x75786359+25]&#10;	RtlGetAppContainerNamedObjectPath [0x772B8944+228]&#10;	RtlGetAppContainerNamedObjectPath [0x772B8914+180]&#10;"/>
  </testcase>
  <testcase name="removeBookmark" classname="com.InternalProject.qa.test.MainTest" time="0">
    <skipped message="session not created: This version of ChromeDriver only supports Chrome version 84&#10;Build info: version: &apos;3.5.2&apos;, revision: &apos;10229a9&apos;, time: &apos;2017-08-21T17:29:55.15Z&apos;&#10;System info: host: &apos;DELL-3490-SIDDH&apos;, ip: &apos;192.168.1.6&apos;, os.name: &apos;Windows 10&apos;, os.arch: &apos;amd64&apos;, os.version: &apos;10.0&apos;, java.version: &apos;14.0.2&apos;&#10;Driver info: driver.version: ChromeDriver&#10;remote stacktrace: Backtrace:&#10;	Ordinal0 [0x003B87E3+2852835]&#10;	Ordinal0 [0x002A5BB1+1727409]&#10;	Ordinal0 [0x0017E4B9+517305]&#10;	Ordinal0 [0x00110BA0+68512]&#10;	Ordinal0 [0x0010D3A0+54176]&#10;	Ordinal0 [0x0012D9F7+186871]&#10;	Ordinal0 [0x0012D7FD+186365]&#10;	Ordinal0 [0x0012B70B+177931]&#10;	Ordinal0 [0x00112584+75140]&#10;	Ordinal0 [0x00113650+79440]&#10;	Ordinal0 [0x001135E9+79337]&#10;	Ordinal0 [0x002BAD5C+1813852]&#10;	GetHandleVerifier [0x004DC616+1075574]&#10;	GetHandleVerifier [0x004DC367+1074887]&#10;	GetHandleVerifier [0x004E7497+1120247]&#10;	GetHandleVerifier [0x004DCC16+1077110]&#10;	Ordinal0 [0x002B3206+1782278]&#10;	Ordinal0 [0x002BC3BB+1819579]&#10;	Ordinal0 [0x002BC523+1819939]&#10;	Ordinal0 [0x002D2B45+1911621]&#10;	BaseThreadInitThunk [0x75786359+25]&#10;	RtlGetAppContainerNamedObjectPath [0x772B8944+228]&#10;	RtlGetAppContainerNamedObjectPath [0x772B8914+180]&#10;"/>
  </testcase>
  <testcase name="logOutRegular" classname="com.InternalProject.qa.test.MainTest" time="0">
    <skipped message="session not created: This version of ChromeDriver only supports Chrome version 84&#10;Build info: version: &apos;3.5.2&apos;, revision: &apos;10229a9&apos;, time: &apos;2017-08-21T17:29:55.15Z&apos;&#10;System info: host: &apos;DELL-3490-SIDDH&apos;, ip: &apos;192.168.1.6&apos;, os.name: &apos;Windows 10&apos;, os.arch: &apos;amd64&apos;, os.version: &apos;10.0&apos;, java.version: &apos;14.0.2&apos;&#10;Driver info: driver.version: ChromeDriver&#10;remote stacktrace: Backtrace:&#10;	Ordinal0 [0x003B87E3+2852835]&#10;	Ordinal0 [0x002A5BB1+1727409]&#10;	Ordinal0 [0x0017E4B9+517305]&#10;	Ordinal0 [0x00110BA0+68512]&#10;	Ordinal0 [0x0010D3A0+54176]&#10;	Ordinal0 [0x0012D9F7+186871]&#10;	Ordinal0 [0x0012D7FD+186365]&#10;	Ordinal0 [0x0012B70B+177931]&#10;	Ordinal0 [0x00112584+75140]&#10;	Ordinal0 [0x00113650+79440]&#10;	Ordinal0 [0x001135E9+79337]&#10;	Ordinal0 [0x002BAD5C+1813852]&#10;	GetHandleVerifier [0x004DC616+1075574]&#10;	GetHandleVerifier [0x004DC367+1074887]&#10;	GetHandleVerifier [0x004E7497+1120247]&#10;	GetHandleVerifier [0x004DCC16+1077110]&#10;	Ordinal0 [0x002B3206+1782278]&#10;	Ordinal0 [0x002BC3BB+1819579]&#10;	Ordinal0 [0x002BC523+1819939]&#10;	Ordinal0 [0x002D2B45+1911621]&#10;	BaseThreadInitThunk [0x75786359+25]&#10;	RtlGetAppContainerNamedObjectPath [0x772B8944+228]&#10;	RtlGetAppContainerNamedObjectPath [0x772B8914+180]&#10;"/>
  </testcase>
  <testcase name="tearDown" classname="com.InternalProject.qa.test.MainTest" time="0">
    <skipped/>
  </testcase>
</testsuite>