<?xml version="1.0" encoding="UTF-8"?>
<!-- Generated by org.testng.reporters.JUnitReportReporter -->
<testsuite skipped="0" hostname="DELL-3490-Siddharth" name="com.InternalProject.qa.test.MainTest2" tests="7" failures="0" timestamp="26 May 2020 04:04:42 GMT" time="57.546" errors="0">
  <testcase name="LogoImageTest" time="3.086" classname="com.InternalProject.qa.test.MainTest2"/>
  <testcase name="signIn1" time="5.191" classname="com.InternalProject.qa.test.MainTest2"/>
  <testcase name="loginWithOTP" time="12.629" classname="com.InternalProject.qa.test.MainTest2"/>
  <testcase name="HelloLinkTest1" time="3.168" classname="com.InternalProject.qa.test.MainTest2"/>
  <testcase name="createBookmark" time="11.184" classname="com.InternalProject.qa.test.MainTest2"/>
  <testcase name="openBookmark" time="10.050" classname="com.InternalProject.qa.test.MainTest2"/>
  <testcase name="removeBookmark" time="12.238" classname="com.InternalProject.qa.test.MainTest2"/>
</testsuite> <!-- com.InternalProject.qa.test.MainTest2 -->
