<?xml version="1.0" encoding="UTF-8"?>
<!-- Generated by org.testng.reporters.JUnitReportReporter -->
<testsuite skipped="2" hostname="DELL-3490-Siddharth" name="com.InternalProject.qa.test.LandingTest" tests="2" failures="0" timestamp="18 Jul 2020 15:48:10 GMT" time="0.000" errors="0">
  <testcase name="LoginPageTitleTest" time="0.000" classname="com.InternalProject.qa.test.LandingTest">
    <skipped/>
  </testcase> <!-- LoginPageTitleTest -->
  <testcase name="LogoImageTest" time="0.000" classname="com.InternalProject.qa.test.LandingTest">
    <skipped/>
  </testcase> <!-- LogoImageTest -->
</testsuite> <!-- com.InternalProject.qa.test.LandingTest -->
