<?xml version="1.0" encoding="UTF-8"?>
<!-- Generated by org.testng.reporters.JUnitReportReporter -->
<testsuite hostname="DELL-3490-Siddharth" failures="0" tests="9" name="com.InternalProject.qa.test.MainTest" time="33.672" errors="1" timestamp="16 Feb 2021 07:34:29 GMT" skipped="8">
  <testcase classname="com.InternalProject.qa.test.MainTest" name="setup" time="5.659">
    <error message="session not created: This version of ChromeDriver only supports Chrome version 84
Build info: version: &#039;3.5.2&#039;, revision: &#039;10229a9&#039;, time: &#039;2017-08-21T17:29:55.15Z&#039;
System info: host: &#039;DELL-3490-SIDDH&#039;, ip: &#039;192.168.1.6&#039;, os.name: &#039;Windows 10&#039;, os.arch: &#039;amd64&#039;, os.version: &#039;10.0&#039;, java.version: &#039;14.0.2&#039;
Driver info: driver.version: ChromeDriver
remote stacktrace: Backtrace:
	Ordinal0 [0x003B87E3+2852835]
	Ordinal0 [0x002A5BB1+1727409]
	Ordinal0 [0x0017E4B9+517305]
	Ordinal0 [0x00110BA0+68512]
	Ordinal0 [0x0010D3A0+54176]
	Ordinal0 [0x0012D9F7+186871]
	Ordinal0 [0x0012D7FD+186365]
	Ordinal0 [0x0012B70B+177931]
	Ordinal0 [0x00112584+75140]
	Ordinal0 [0x00113650+79440]
	Ordinal0 [0x001135E9+79337]
	Ordinal0 [0x002BAD5C+1813852]
	GetHandleVerifier [0x004DC616+1075574]
	GetHandleVerifier [0x004DC367+1074887]
	GetHandleVerifier [0x004E7497+1120247]
	GetHandleVerifier [0x004DCC16+1077110]
	Ordinal0 [0x002B3206+1782278]
	Ordinal0 [0x002BC3BB+1819579]
	Ordinal0 [0x002BC523+1819939]
	Ordinal0 [0x002D2B45+1911621]
	BaseThreadInitThunk [0x75786359+25]
	RtlGetAppContainerNamedObjectPath [0x772B8944+228]
	RtlGetAppContainerNamedObjectPath [0x772B8914+180]
" type="org.openqa.selenium.SessionNotCreatedException">
      <![CDATA[org.openqa.selenium.SessionNotCreatedException: session not created: This version of ChromeDriver only supports Chrome version 84
Build info: version: '3.5.2', revision: '10229a9', time: '2017-08-21T17:29:55.15Z'
System info: host: 'DELL-3490-SIDDH', ip: '192.168.1.6', os.name: 'Windows 10', os.arch: 'amd64', os.version: '10.0', java.version: '14.0.2'
Driver info: driver.version: ChromeDriver
remote stacktrace: Backtrace:
Ordinal0 [0x003B87E3+2852835]
Ordinal0 [0x002A5BB1+1727409]
Ordinal0 [0x0017E4B9+517305]
Ordinal0 [0x00110BA0+68512]
Ordinal0 [0x0010D3A0+54176]
Ordinal0 [0x0012D9F7+186871]
Ordinal0 [0x0012D7FD+186365]
Ordinal0 [0x0012B70B+177931]
Ordinal0 [0x00112584+75140]
Ordinal0 [0x00113650+79440]
Ordinal0 [0x001135E9+79337]
Ordinal0 [0x002BAD5C+1813852]
GetHandleVerifier [0x004DC616+1075574]
GetHandleVerifier [0x004DC367+1074887]
GetHandleVerifier [0x004E7497+1120247]
GetHandleVerifier [0x004DCC16+1077110]
Ordinal0 [0x002B3206+1782278]
Ordinal0 [0x002BC3BB+1819579]
Ordinal0 [0x002BC523+1819939]
Ordinal0 [0x002D2B45+1911621]
BaseThreadInitThunk [0x75786359+25]
RtlGetAppContainerNamedObjectPath [0x772B8944+228]
RtlGetAppContainerNamedObjectPath [0x772B8914+180]

at java.base/jdk.internal.reflect.NativeConstructorAccessorImpl.newInstance0(Native Method)
at java.base/jdk.internal.reflect.NativeConstructorAccessorImpl.newInstance(NativeConstructorAccessorImpl.java:62)
at java.base/jdk.internal.reflect.DelegatingConstructorAccessorImpl.newInstance(DelegatingConstructorAccessorImpl.java:45)
at java.base/java.lang.reflect.Constructor.newInstanceWithCaller(Constructor.java:500)
at java.base/java.lang.reflect.Constructor.newInstance(Constructor.java:481)
at org.openqa.selenium.remote.W3CHandshakeResponse.lambda$new$0(W3CHandshakeResponse.java:57)
at org.openqa.selenium.remote.W3CHandshakeResponse.lambda$getResponseFunction$2(W3CHandshakeResponse.java:104)
at org.openqa.selenium.remote.ProtocolHandshake.lambda$createSession$24(ProtocolHandshake.java:359)
at java.base/java.util.stream.ReferencePipeline$3$1.accept(ReferencePipeline.java:195)
at java.base/java.util.Spliterators$ArraySpliterator.tryAdvance(Spliterators.java:958)
at java.base/java.util.stream.ReferencePipeline.forEachWithCancel(ReferencePipeline.java:127)
at java.base/java.util.stream.AbstractPipeline.copyIntoWithCancel(AbstractPipeline.java:502)
at java.base/java.util.stream.AbstractPipeline.copyInto(AbstractPipeline.java:488)
at java.base/java.util.stream.AbstractPipeline.wrapAndCopyInto(AbstractPipeline.java:474)
at java.base/java.util.stream.FindOps$FindOp.evaluateSequential(FindOps.java:150)
at java.base/java.util.stream.AbstractPipeline.evaluate(AbstractPipeline.java:234)
at java.base/java.util.stream.ReferencePipeline.findFirst(ReferencePipeline.java:543)
at org.openqa.selenium.remote.ProtocolHandshake.createSession(ProtocolHandshake.java:362)
at org.openqa.selenium.remote.ProtocolHandshake.createSession(ProtocolHandshake.java:136)
at org.openqa.selenium.remote.HttpCommandExecutor.execute(HttpCommandExecutor.java:142)
at org.openqa.selenium.remote.service.DriverCommandExecutor.execute(DriverCommandExecutor.java:82)
at org.openqa.selenium.remote.RemoteWebDriver.execute(RemoteWebDriver.java:641)
at org.openqa.selenium.remote.RemoteWebDriver.startSession(RemoteWebDriver.java:254)
at org.openqa.selenium.remote.RemoteWebDriver.startSession(RemoteWebDriver.java:236)
at org.openqa.selenium.remote.RemoteWebDriver.<init>(RemoteWebDriver.java:137)
at org.openqa.selenium.chrome.ChromeDriver.<init>(ChromeDriver.java:178)
at org.openqa.selenium.chrome.ChromeDriver.<init>(ChromeDriver.java:167)
at org.openqa.selenium.chrome.ChromeDriver.<init>(ChromeDriver.java:156)
at com.InternalProject.qa.base.BaseClass.initialization(BaseClass.java:61)
at com.InternalProject.qa.test.MainTest.setup(MainTest.java:93)
at java.base/jdk.internal.reflect.NativeMethodAccessorImpl.invoke0(Native Method)
at java.base/jdk.internal.reflect.NativeMethodAccessorImpl.invoke(NativeMethodAccessorImpl.java:62)
at java.base/jdk.internal.reflect.DelegatingMethodAccessorImpl.invoke(DelegatingMethodAccessorImpl.java:43)
at java.base/java.lang.reflect.Method.invoke(Method.java:564)
at org.testng.internal.MethodInvocationHelper.invokeMethod(MethodInvocationHelper.java:124)
at org.testng.internal.MethodInvocationHelper.invokeMethodConsideringTimeout(MethodInvocationHelper.java:59)
at org.testng.internal.Invoker.invokeConfigurationMethod(Invoker.java:458)
at org.testng.internal.Invoker.invokeConfigurations(Invoker.java:222)
at org.testng.internal.Invoker.invokeConfigurations(Invoker.java:142)
at org.testng.TestRunner.beforeRun(TestRunner.java:529)
at org.testng.TestRunner.run(TestRunner.java:497)
at org.testng.SuiteRunner.runTest(SuiteRunner.java:455)
at org.testng.SuiteRunner.runSequentially(SuiteRunner.java:450)
at org.testng.SuiteRunner.privateRun(SuiteRunner.java:415)
at org.testng.SuiteRunner.run(SuiteRunner.java:364)
at org.testng.SuiteRunnerWorker.runSuite(SuiteRunnerWorker.java:52)
at org.testng.SuiteRunnerWorker.run(SuiteRunnerWorker.java:84)
at org.testng.TestNG.runSuitesSequentially(TestNG.java:1208)
at org.testng.TestNG.runSuitesLocally(TestNG.java:1137)
at org.testng.TestNG.runSuites(TestNG.java:1049)
at org.testng.TestNG.run(TestNG.java:1017)
at org.apache.maven.surefire.testng.TestNGExecutor.run(TestNGExecutor.java:283)
at org.apache.maven.surefire.testng.TestNGXmlTestSuite.execute(TestNGXmlTestSuite.java:75)
at org.apache.maven.surefire.testng.TestNGProvider.invoke(TestNGProvider.java:120)
at org.apache.maven.surefire.booter.ForkedBooter.invokeProviderInSameClassLoader(ForkedBooter.java:384)
at org.apache.maven.surefire.booter.ForkedBooter.runSuitesInProcess(ForkedBooter.java:345)
at org.apache.maven.surefire.booter.ForkedBooter.execute(ForkedBooter.java:126)
at org.apache.maven.surefire.booter.ForkedBooter.main(ForkedBooter.java:418)
]]>
    </error>
  </testcase> <!-- setup -->
  <testcase classname="com.InternalProject.qa.test.MainTest" name="LogoImageTest" time="4.001">
    <skipped/>
  </testcase> <!-- LogoImageTest -->
  <testcase classname="com.InternalProject.qa.test.MainTest" name="signIn1" time="4.002">
    <skipped/>
  </testcase> <!-- signIn1 -->
  <testcase classname="com.InternalProject.qa.test.MainTest" name="loginWithOTP" time="4.001">
    <skipped/>
  </testcase> <!-- loginWithOTP -->
  <testcase classname="com.InternalProject.qa.test.MainTest" name="HelloLinkTest1" time="4.002">
    <skipped/>
  </testcase> <!-- HelloLinkTest1 -->
  <testcase classname="com.InternalProject.qa.test.MainTest" name="createBookmark" time="4.001">
    <skipped/>
  </testcase> <!-- createBookmark -->
  <testcase classname="com.InternalProject.qa.test.MainTest" name="openBookmark" time="4.003">
    <skipped/>
  </testcase> <!-- openBookmark -->
  <testcase classname="com.InternalProject.qa.test.MainTest" name="removeBookmark" time="4.003">
    <skipped/>
  </testcase> <!-- removeBookmark -->
  <testcase classname="com.InternalProject.qa.test.MainTest" name="logOutRegular" time="0.000">
    <skipped/>
  </testcase> <!-- logOutRegular -->
</testsuite> <!-- com.InternalProject.qa.test.MainTest -->
